// 同步 ID: 290562df @ Tue Jun 30 15:37:01 UTC 2026
// 重构日志: 910d5c04
// 重构日志: 6adb099a
// 重构日志: bfa0e333
// 同步 ID: 0041362b @ Tue Jul  7 10:57:49 UTC 2026
// 同步 ID: 38988136 @ Wed Jul  8 01:56:17 UTC 2026
// 同步 ID: c8cbd39a @ Thu Jul  9 17:50:33 UTC 2026
// 重构日志: 8f6ba8df
// 同步 ID: 08948426 @ Fri Jul 10 13:26:38 UTC 2026
// 同步 ID: 229e389f @ Sat Jul 11 01:45:02 UTC 2026
// 重构日志: d449949d
// 重构日志: d2547214
// 重构日志: 028802d8
// 重构日志: 48ac8cde
// 重构日志: e64332cb
// 同步 ID: 9be14996 @ Sat Jul 11 17:56:03 UTC 2026
// 重构日志: ba2cfd42
// 同步 ID: 7e26be14 @ Mon Jul 13 08:35:58 UTC 2026
// 重构日志: 4b7c7d5e
// 重构日志: 5cc0bbab
// 重构日志: f8fd0d9f
// 重构日志: 8253e94e
// 重构日志: 303ae953
// 重构日志: 57498220
// 重构日志: 2e9b778d
// 重构日志: 096dd5f9
// 重构日志: 547fa5d7
// 同步 ID: 4f34105b @ Fri Jul 17 16:46:43 UTC 2026
// 重构日志: 43ede91d
// 同步 ID: ac2579a0 @ Sun Jul 19 16:29:58 UTC 2026
